<?xml version="1.0" encoding="UTF-8"?>
<!-- Generated by org.testng.reporters.JUnitReportReporter -->
<testsuite name="RestAssured.RestAssuredAPI.WeatherGetTests" tests="1" time="9.644" ignored="0" failures="0" timestamp="29 Sep 2018 05:06:51 GMT" skipped="0" hostname="immortal-PC" errors="0">
  <testcase name="getWeatherDetails" time="9.644" classname="RestAssured.RestAssuredAPI.WeatherGetTests"/>
</testsuite> <!-- RestAssured.RestAssuredAPI.WeatherGetTests -->
