<?xml version="1.0" encoding="UTF-8"?>
<!-- Generated by org.testng.reporters.JUnitReportReporter -->
<testsuite name="RestAssured.RestAssuredAPI.WeatherGetTests" tests="1" time="8.139" ignored="0" failures="0" timestamp="30 Sep 2018 05:49:23 GMT" skipped="0" hostname="immortal-PC" errors="0">
  <testcase name="getWeatherDetails" time="8.139" classname="RestAssured.RestAssuredAPI.WeatherGetTests"/>
</testsuite> <!-- RestAssured.RestAssuredAPI.WeatherGetTests -->
